[    0.000000] Linux version 4.15.0-212-generic (buildd@lcy02-amd64-083) (gcc version 7.5.0 (Ubuntu 7.5.0-3ubuntu1~18.04)) #223-Ubuntu SMP Tue May 23 13:09:22 UTC 2023 (Ubuntu 4.15.0-212.223-generic 4.15.18)
[    0.000000] Command line: BOOT_IMAGE=/boot/vmlinuz-4.15.0-212-generic root=LABEL=cloudimg-rootfs ro console=tty1 console=ttyS0
[    0.000000] KERNEL supported cpus:
[    0.000000]   Intel GenuineIntel
[    0.000000]   AMD AuthenticAMD
[    0.000000]   Centaur CentaurHauls
[    0.000000] x86/fpu: Supporting XSAVE feature 0x001: 'x87 floating point registers'
[    0.000000] x86/fpu: Supporting XSAVE feature 0x002: 'SSE registers'
[    0.000000] x86/fpu: Supporting XSAVE feature 0x004: 'AVX registers'
[    0.000000] x86/fpu: xstate_offset[2]:  576, xstate_sizes[2]:  256
[    0.000000] x86/fpu: Enabled xstate features 0x7, context size is 832 bytes, using 'standard' format.
[    0.000000] e820: BIOS-provided physical RAM map:
[    0.000000] BIOS-e820: [mem 0x0000000000000000-0x000000000009fbff] usable
[    0.000000] BIOS-e820: [mem 0x000000000009fc00-0x000000000009ffff] reserved
[    0.000000] BIOS-e820: [mem 0x00000000000f0000-0x00000000000fffff] reserved
[    0.000000] BIOS-e820: [mem 0x0000000000100000-0x000000003ffeffff] usable
[    0.000000] BIOS-e820: [mem 0x000000003fff0000-0x000000003fffffff] ACPI data
[    0.000000] BIOS-e820: [mem 0x00000000fec00000-0x00000000fec00fff] reserved
[    0.000000] BIOS-e820: [mem 0x00000000fee00000-0x00000000fee00fff] reserved
[    0.000000] BIOS-e820: [mem 0x00000000fffc0000-0x00000000ffffffff] reserved
[    0.000000] NX (Execute Disable) protection: active
[    0.000000] SMBIOS 2.5 present.
[    0.000000] DMI: innotek GmbH VirtualBox/VirtualBox, BIOS VirtualBox 12/01/2006
[    0.000000] Hypervisor detected: KVM
[    0.000000] e820: last_pfn = 0x3fff0 max_arch_pfn = 0x400000000
[    0.000000] x86/PAT: Configuration [0-7]: WB  WC  UC- UC  WB  WP  UC- WT  
[    0.000000] found SMP MP-table at [mem 0x0009fbf0-0x0009fbff]
[    0.000000] Scanning 1 areas for low memory corruption
[    0.000000] RAMDISK: [mem 0x359cb000-0x36cdcfff]
[    0.000000] ACPI: Early table checksum verification disabled
[    0.000000] ACPI: RSDP 0x00000000000E0000 000024 (v02 VBOX  )
[    0.000000] ACPI: XSDT 0x000000003FFF0030 00003C (v01 VBOX   VBOXXSDT 00000001 ASL  00000061)
[    0.000000] ACPI: FACP 0x000000003FFF00F0 0000F4 (v04 VBOX   VBOXFACP 00000001 ASL  00000061)
[    0.000000] ACPI: DSDT 0x000000003FFF0610 002353 (v02 VBOX   VBOXBIOS 00000002 INTL 20200925)
[    0.000000] ACPI: FACS 0x000000003FFF0200 000040
[    0.000000] ACPI: FACS 0x000000003FFF0200 000040
[    0.000000] ACPI: APIC 0x000000003FFF0240 00005C (v02 VBOX   VBOXAPIC 00000001 ASL  00000061)
[    0.000000] ACPI: SSDT 0x000000003FFF02A0 00036C (v01 VBOX   VBOXCPUT 00000002 INTL 20200925)
[    0.000000] ACPI: Reserving FACP table memory at [mem 0x3fff00f0-0x3fff01e3]
[    0.000000] ACPI: Reserving DSDT table memory at [mem 0x3fff0610-0x3fff2962]
[    0.000000] ACPI: Reserving FACS table memory at [mem 0x3fff0200-0x3fff023f]
[    0.000000] ACPI: Reserving FACS table memory at [mem 0x3fff0200-0x3fff023f]
[    0.000000] ACPI: Reserving APIC table memory at [mem 0x3fff0240-0x3fff029b]
[    0.000000] ACPI: Reserving SSDT table memory at [mem 0x3fff02a0-0x3fff060b]
[    0.000000] No NUMA configuration found
[    0.000000] Faking a node at [mem 0x0000000000000000-0x000000003ffeffff]
[    0.000000] NODE_DATA(0) allocated [mem 0x3ffc5000-0x3ffeffff]
[    0.000000] kvm-clock: cpu 0, msr 0:3ff44001, primary cpu clock
[    0.000000] kvm-clock: Using msrs 4b564d01 and 4b564d00
[    0.000000] kvm-clock: using sched offset of 2947187949 cycles
[    0.000000] clocksource: kvm-clock: mask: 0xffffffffffffffff max_cycles: 0x1cd42e4dffb, max_idle_ns: 881590591483 ns
[    0.000000] Zone ranges:
[    0.000000]   DMA      [mem 0x0000000000001000-0x0000000000ffffff]
[    0.000000]   DMA32    [mem 0x0000000001000000-0x000000003ffeffff]
[    0.000000]   Normal   empty
[    0.000000]   Device   empty
[    0.000000] Movable zone start for each node
[    0.000000] Early memory node ranges
[    0.000000]   node   0: [mem 0x0000000000001000-0x000000000009efff]
[    0.000000]   node   0: [mem 0x0000000000100000-0x000000003ffeffff]
[    0.000000] Reserved but unavailable: 104 pages
[    0.000000] Initmem setup node 0 [mem 0x0000000000001000-0x000000003ffeffff]
[    0.000000] ACPI: PM-Timer IO Port: 0x4008
[    0.000000] IOAPIC[0]: apic_id 2, version 32, address 0xfec00000, GSI 0-23
[    0.000000] ACPI: INT_SRC_OVR (bus 0 bus_irq 0 global_irq 2 dfl dfl)
[    0.000000] ACPI: INT_SRC_OVR (bus 0 bus_irq 9 global_irq 9 low level)
[    0.000000] Using ACPI (MADT) for SMP configuration information
[    0.000000] smpboot: Allowing 2 CPUs, 0 hotplug CPUs
[    0.000000] PM: Registered nosave memory: [mem 0x00000000-0x00000fff]
[    0.000000] PM: Registered nosave memory: [mem 0x0009f000-0x0009ffff]
[    0.000000] PM: Registered nosave memory: [mem 0x000a0000-0x000effff]
[    0.000000] PM: Registered nosave memory: [mem 0x000f0000-0x000fffff]
[    0.000000] e820: [mem 0x40000000-0xfebfffff] available for PCI devices
[    0.000000] Booting paravirtualized kernel on KVM
[    0.000000] clocksource: refined-jiffies: mask: 0xffffffff max_cycles: 0xffffffff, max_idle_ns: 7645519600211568 ns
[    0.000000] setup_percpu: NR_CPUS:8192 nr_cpumask_bits:2 nr_cpu_ids:2 nr_node_ids:1
[    0.000000] percpu: Embedded 50 pages/cpu s167936 r8192 d28672 u1048576
[    0.000000] PV qspinlock hash table entries: 256 (order: 0, 4096 bytes)
[    0.000000] Built 1 zonelists, mobility grouping on.  Total pages: 257913
[    0.000000] Policy zone: DMA32
[    0.000000] Kernel command line: BOOT_IMAGE=/boot/vmlinuz-4.15.0-212-generic root=LABEL=cloudimg-rootfs ro console=tty1 console=ttyS0
[    0.000000] Memory: 982644K/1048120K available (12300K kernel code, 2477K rwdata, 4324K rodata, 2480K init, 2720K bss, 65476K reserved, 0K cma-reserved)
[    0.000000] SLUB: HWalign=64, Order=0-3, MinObjects=0, CPUs=2, Nodes=1
[    0.000000] Kernel/User page tables isolation: enabled
[    0.000000] ftrace: allocating 39508 entries in 155 pages
[    0.004000] Hierarchical RCU implementation.
[    0.004000] 	RCU restricting CPUs from NR_CPUS=8192 to nr_cpu_ids=2.
[    0.004000] 	Tasks RCU enabled.
[    0.004000] RCU: Adjusting geometry for rcu_fanout_leaf=16, nr_cpu_ids=2
[    0.004000] NR_IRQS: 524544, nr_irqs: 440, preallocated irqs: 16
[    0.004000] random: crng init done
[    0.004000] Console: colour VGA+ 80x25
[    0.004000] console [tty1] enabled
[    0.004000] console [ttyS0] enabled
[    0.004000] ACPI: Core revision 20170831
[    0.004000] ACPI: 2 ACPI AML tables successfully acquired and loaded
[    0.004000] APIC: Switch to symmetric I/O mode setup
[    0.004000] x2apic enabled
[    0.004000] Switched APIC routing to physical x2apic.
[    0.004000] ..TIMER: vector=0x30 apic1=0 pin1=2 apic2=-1 pin2=-1
[    0.004000] tsc: Detected 2611.054 MHz processor
[    0.004000] Calibrating delay loop (skipped) preset value.. 5222.10 BogoMIPS (lpj=10444216)
[    0.004000] pid_max: default: 32768 minimum: 301
[    0.004000] Security Framework initialized
[    0.004000] Yama: becoming mindful.
[    0.004000] AppArmor: AppArmor initialized
[    0.004000] Dentry cache hash table entries: 131072 (order: 8, 1048576 bytes)
[    0.004000] Inode-cache hash table entries: 65536 (order: 7, 524288 bytes)
[    0.004000] Mount-cache hash table entries: 2048 (order: 2, 16384 bytes)
[    0.004000] Mountpoint-cache hash table entries: 2048 (order: 2, 16384 bytes)
[    0.004000] Last level iTLB entries: 4KB 0, 2MB 0, 4MB 0
[    0.004000] Last level dTLB entries: 4KB 0, 2MB 0, 4MB 0, 1GB 0
[    0.004000] Spectre V1 : Mitigation: usercopy/swapgs barriers and __user pointer sanitization
[    0.004000] Spectre V2 : Mitigation: Retpolines
[    0.004000] Spectre V2 : Spectre v2 / SpectreRSB mitigation: Filling RSB on context switch
[    0.004000] Spectre V2 : Spectre v2 / SpectreRSB : Filling RSB on VMEXIT
[    0.004000] Speculative Store Bypass: Vulnerable
[    0.004000] MDS: Mitigation: Clear CPU buffers
[    0.004000] MMIO Stale Data: Unknown: No mitigations
[    0.004000] Freeing SMP alternatives memory: 36K
[    0.127215] APIC calibration not consistent with PM-Timer: 102ms instead of 100ms
[    0.128000] APIC delta adjusted to PM-Timer: 6359224 (6528903)
[    0.128051] smpboot: CPU0: 13th Gen Intel(R) Core(TM) i5-13420H (family: 0x6, model: 0xba, stepping: 0x2)
[    0.129450] Performance Events: unsupported p6 CPU model 186 no PMU driver, software events only.
[    0.130693] Hierarchical SRCU implementation.
[    0.131481] NMI watchdog: Perf event create on CPU 0 failed with -2
[    0.132003] NMI watchdog: Perf NMI watchdog permanently disabled
[    0.132840] smp: Bringing up secondary CPUs ...
[    0.133538] x86: Booting SMP configuration:
[    0.134107] .... node  #0, CPUs:      #1
[    0.004000] kvm-clock: cpu 1, msr 0:3ff44041, secondary cpu clock
[    0.136017] smp: Brought up 1 node, 2 CPUs
[    0.136520] smpboot: Max logical packages: 1
[    0.137009] smpboot: Total of 2 processors activated (10444.21 BogoMIPS)
[    0.138006] devtmpfs: initialized
[    0.140050] x86/mm: Memory block size: 128MB
[    0.140633] evm: security.selinux
[    0.141059] evm: security.SMACK64
[    0.141459] evm: security.SMACK64EXEC
[    0.141895] evm: security.SMACK64TRANSMUTE
[    0.142389] evm: security.SMACK64MMAP
[    0.142820] evm: security.apparmor
[    0.143230] evm: security.ima
[    0.143597] evm: security.capability
[    0.144056] clocksource: jiffies: mask: 0xffffffff max_cycles: 0xffffffff, max_idle_ns: 7645041785100000 ns
[    0.145100] futex hash table entries: 512 (order: 3, 32768 bytes)
[    0.145822] pinctrl core: initialized pinctrl subsystem
[    0.146989] RTC time: 14:46:30, date: 06/01/25
[    0.147664] NET: Registered protocol family 16
[    0.148049] audit: initializing netlink subsys (disabled)
[    0.148671] audit: type=2000 audit(1748789194.388:1): state=initialized audit_enabled=0 res=1
[    0.149004] cpuidle: using governor ladder
[    0.149004] cpuidle: using governor menu
[    0.149013] ACPI: bus type PCI registered
[    0.152006] acpiphp: ACPI Hot Plug PCI Controller Driver version: 0.5
[    0.152765] PCI: Using configuration type 1 for base access
[    0.153421] HugeTLB registered 2.00 MiB page size, pre-allocated 0 pages
[    0.153421] ACPI: Added _OSI(Module Device)
[    0.153421] ACPI: Added _OSI(Processor Device)
[    0.156008] ACPI: Added _OSI(3.0 _SCP Extensions)
[    0.156528] ACPI: Added _OSI(Processor Aggregator Device)
[    0.157114] ACPI: Added _OSI(Linux-Dell-Video)
[    0.157609] ACPI: Added _OSI(Linux-Lenovo-NV-HDMI-Audio)
[    0.158184] ACPI: Added _OSI(Linux-HPI-Hybrid-Graphics)
[    0.158952] ACPI: Executed 1 blocks of module-level executable AML code
[    0.161801] ACPI: Interpreter enabled
[    0.162262] ACPI: (supports S0 S5)
[    0.162659] ACPI: Using IOAPIC for interrupt routing
[    0.163328] PCI: Using host bridge windows from ACPI; if necessary, use "pci=nocrs" and report a bug
[    0.164093] ACPI: Enabled 2 GPEs in block 00 to 07
[    0.167817] ACPI: PCI Root Bridge [PCI0] (domain 0000 [bus 00-ff])
[    0.168004] acpi PNP0A03:00: _OSC: OS supports [ASPM ClockPM Segments MSI]
[    0.169003] acpi PNP0A03:00: _OSC: not requesting OS control; OS requires [ExtendedConfig ASPM ClockPM MSI]
[    0.170069] acpi PNP0A03:00: fail to add MMCONFIG information, can't access extended PCI configuration space under this bridge.
[    0.172015] PCI host bridge to bus 0000:00
[    0.172505] pci_bus 0000:00: root bus resource [io  0x0000-0x0cf7 window]
[    0.173225] pci_bus 0000:00: root bus resource [io  0x0d00-0xffff window]
[    0.173936] pci_bus 0000:00: root bus resource [mem 0x000a0000-0x000bffff window]
[    0.175221] pci_bus 0000:00: root bus resource [mem 0x40000000-0xfdffffff window]
[    0.176000] pci_bus 0000:00: root bus resource [bus 00-ff]
[    0.177234] pci 0000:00:01.1: legacy IDE quirk: reg 0x10: [io  0x01f0-0x01f7]
[    0.178015] pci 0000:00:01.1: legacy IDE quirk: reg 0x14: [io  0x03f6]
[    0.178718] pci 0000:00:01.1: legacy IDE quirk: reg 0x18: [io  0x0170-0x0177]
[    0.179461] pci 0000:00:01.1: legacy IDE quirk: reg 0x1c: [io  0x0376]
[    0.188322] pci 0000:00:07.0: quirk: [io  0x4000-0x403f] claimed by PIIX4 ACPI
[    0.189200] pci 0000:00:07.0: quirk: [io  0x4100-0x410f] claimed by PIIX4 SMB
[    0.192000] ACPI: PCI Interrupt Link [LNKA] (IRQs 5 9 10 *11)
[    0.192000] ACPI: PCI Interrupt Link [LNKB] (IRQs 5 9 *10 11)
[    0.192062] ACPI: PCI Interrupt Link [LNKC] (IRQs 5 *9 10 11)
[    0.192771] ACPI: PCI Interrupt Link [LNKD] (IRQs 5 9 10 *11)
[    0.196276] SCSI subsystem initialized
[    0.196780] pci 0000:00:02.0: vgaarb: setting as boot VGA device
[    0.196780] pci 0000:00:02.0: vgaarb: VGA device added: decodes=io+mem,owns=io+mem,locks=none
[    0.197663] pci 0000:00:02.0: vgaarb: bridge control possible
[    0.200009] vgaarb: loaded
[    0.200447] ACPI: bus type USB registered
[    0.201055] usbcore: registered new interface driver usbfs
[    0.201819] usbcore: registered new interface driver hub
[    0.202581] usbcore: registered new device driver usb
[    0.204031] EDAC MC: Ver: 3.0.0
[    0.204618] PCI: Using ACPI for IRQ routing
[    0.204787] NetLabel: Initializing
[    0.205285] NetLabel:  domain hash size = 128
[    0.205906] NetLabel:  protocols = UNLABELED CIPSOv4 CALIPSO
[    0.206698] NetLabel:  unlabeled traffic allowed by default
[    0.208055] clocksource: Switched to clocksource kvm-clock
[    0.215923] VFS: Disk quotas dquot_6.6.0
[    0.216517] VFS: Dquot-cache hash table entries: 512 (order 0, 4096 bytes)
[    0.217517] AppArmor: AppArmor Filesystem Enabled
[    0.218175] pnp: PnP ACPI init
[    0.219189] pnp: PnP ACPI: found 3 devices
[    0.226036] clocksource: acpi_pm: mask: 0xffffff max_cycles: 0xffffff, max_idle_ns: 2085701024 ns
[    0.227243] NET: Registered protocol family 2
[    0.227889] IP idents hash table entries: 16384 (order: 5, 131072 bytes)
[    0.229331] TCP established hash table entries: 8192 (order: 4, 65536 bytes)
[    0.230243] TCP bind hash table entries: 8192 (order: 5, 131072 bytes)
[    0.231084] TCP: Hash tables configured (established 8192 bind 8192)
[    0.231935] UDP hash table entries: 512 (order: 2, 16384 bytes)
[    0.232742] UDP-Lite hash table entries: 512 (order: 2, 16384 bytes)
[    0.233315] NET: Registered protocol family 1
[    0.233315] pci 0000:00:00.0: Limiting direct PCI/PCI transfers
[    0.233315] pci 0000:00:01.0: Activating ISA DMA hang workarounds
[    0.233315] pci 0000:00:02.0: Video device with shadowed ROM at [mem 0x000c0000-0x000dffff]
[    0.233315] Unpacking initramfs...
[    0.233315] Freeing initrd memory: 19528K
[    0.233315] clocksource: tsc: mask: 0xffffffffffffffff max_cycles: 0x25a3067aeec, max_idle_ns: 440795239624 ns
[    0.233315] platform rtc_cmos: registered platform RTC device (no PNP device found)
[    0.233315] Scanning for low memory corruption every 60 seconds
[    0.466854] Initialise system trusted keyrings
[    0.467398] Key type blacklist registered
[    0.467876] workingset: timestamp_bits=36 max_order=18 bucket_order=0
[    0.469048] zbud: loaded
[    0.469848] squashfs: version 4.0 (2009/01/31) Phillip Lougher
[    0.470793] fuse init (API version 7.26)
[    0.472506] Key type asymmetric registered
[    0.473010] Asymmetric key parser 'x509' registered
[    0.473575] Block layer SCSI generic (bsg) driver version 0.4 loaded (major 246)
[    0.474404] io scheduler noop registered
[    0.474880] io scheduler deadline registered
[    0.475367] io scheduler cfq registered (default)
[    0.476199] ACPI: AC Adapter [AC] (off-line)
[    0.476748] input: Power Button as /devices/LNXSYSTM:00/LNXPWRBN:00/input/input0
[    0.477732] ACPI: Power Button [PWRF]
[    0.478219] input: Sleep Button as /devices/LNXSYSTM:00/LNXSLPBN:00/input/input1
[    0.479035] ACPI: Sleep Button [SLPF]
[    0.480167] ACPI: Battery Slot [BAT0] (battery present)
[    0.480941] Serial: 8250/16550 driver, 32 ports, IRQ sharing enabled
[    0.502133] 00:02: ttyS0 at I/O 0x3f8 (irq = 4, base_baud = 115200) is a 16550A
[    0.504611] Linux agpgart interface v0.103
[    0.506790] loop: module loaded
[    0.507778] scsi host0: ata_piix
[    0.508330] scsi host1: ata_piix
[    0.508788] ata1: PATA max UDMA/33 cmd 0x1f0 ctl 0x3f6 bmdma 0xd000 irq 14
[    0.509567] ata2: PATA max UDMA/33 cmd 0x170 ctl 0x376 bmdma 0xd008 irq 15
[    0.510407] tun: Universal TUN/TAP device driver, 1.6
[    0.511061] PPP generic driver version 2.4.2
[    0.511657] ehci_hcd: USB 2.0 'Enhanced' Host Controller (EHCI) Driver
[    0.512399] ehci-pci: EHCI PCI platform driver
[    0.512929] ehci-platform: EHCI generic platform driver
[    0.513510] ohci_hcd: USB 1.1 'Open' Host Controller (OHCI) Driver
[    0.514186] ohci-pci: OHCI PCI platform driver
[    0.514697] ohci-platform: OHCI generic platform driver
[    0.515282] uhci_hcd: USB Universal Host Controller Interface driver
[    0.515995] i8042: PNP: PS/2 Controller [PNP0303:PS2K,PNP0f03:PS2M] at 0x60,0x64 irq 1,12
[    0.517314] serio: i8042 KBD port at 0x60,0x64 irq 1
[    0.517914] serio: i8042 AUX port at 0x60,0x64 irq 12
[    0.518594] mousedev: PS/2 mouse device common for all mice
[    0.519604] input: AT Translated Set 2 keyboard as /devices/platform/i8042/serio0/input/input2
[    0.520139] rtc_cmos rtc_cmos: rtc core: registered rtc_cmos as rtc0
[    0.521505] rtc_cmos rtc_cmos: alarms up to one day, 114 bytes nvram
[    0.522285] i2c /dev entries driver
[    0.522799] device-mapper: uevent: version 1.0.3
[    0.523407] device-mapper: ioctl: 4.37.0-ioctl (2017-09-20) initialised: dm-devel@redhat.com
[    0.524548] ledtrig-cpu: registered to indicate activity on CPUs
[    0.525637] NET: Registered protocol family 10
[    0.529114] Segment Routing with IPv6
[    0.529576] NET: Registered protocol family 17
[    0.530253] Key type dns_resolver registered
[    0.531018] mce: Using 0 MCE banks
[    0.531479] RAS: Correctable Errors collector initialized.
[    0.532117] sched_clock: Marking stable (530975529, 0)->(638560023, -107584494)
[    0.533188] registered taskstats version 1
[    0.533683] Loading compiled-in X.509 certificates
[    0.535768] Loaded X.509 cert 'Build time autogenerated kernel key: b5b26778eaa3ab3a4a6cee031137706e947d12ad'
[    0.537240] Loaded X.509 cert 'Canonical Ltd. Live Patch Signing: 14df34d1a87cf37625abec039ef2bf521249b969'
[    0.538607] Loaded X.509 cert 'Canonical Ltd. Kernel Module Signing: 88f752e560a1e0737e31163a466ad7b70a850c19'
[    0.539719] blacklist: Loading compiled-in revocation X.509 certificates
[    0.540548] Loaded X.509 cert 'Canonical Ltd. Secure Boot Signing: 61482aa2830d0ab2ad5af10b7250da9033ddcef0'
[    0.541684] Loaded X.509 cert 'Canonical Ltd. Secure Boot Signing (2017): 242ade75ac4a15e50d50c84b0d45ff3eae707a03'
[    0.542835] Loaded X.509 cert 'Canonical Ltd. Secure Boot Signing (ESM 2018): 365188c1d374d6b07c3c8f240f8ef722433d6a8b'
[    0.544019] Loaded X.509 cert 'Canonical Ltd. Secure Boot Signing (2019): c0746fd6c5da3ae827864651ad66ae47fe24b3e8'
[    0.545189] Loaded X.509 cert 'Canonical Ltd. Secure Boot Signing (2021 v1): a8d54bbb3825cfb94fa13c9f8a594a195c107b8d'
[    0.546364] Loaded X.509 cert 'Canonical Ltd. Secure Boot Signing (2021 v2): 4cf046892d6fd3c9a5b03f98d845f90851dc6a8c'
[    0.547539] Loaded X.509 cert 'Canonical Ltd. Secure Boot Signing (2021 v3): 100437bb6de6e469b581e61cd66bce3ef4ed53af'
[    0.548738] Loaded X.509 cert 'Canonical Ltd. Secure Boot Signing (Ubuntu Core 2019): c1d57b8f6b743f23ee41f4f7ee292f06eecadfb9'
[    0.549998] zswap: loaded using pool lzo/zbud
[    0.552818] Key type big_key registered
[    0.553309] Key type trusted registered
[    0.554980] Key type encrypted registered
[    0.555485] AppArmor: AppArmor sha1 policy hashing enabled
[    0.556118] ima: No TPM chip found, activating TPM-bypass! (rc=-19)
[    0.556826] ima: Allocated hash algorithm: sha1
[    0.557398] evm: HMAC attrs: 0x1
[    0.557968]   Magic number: 13:793:787
[    0.558636] rtc_cmos rtc_cmos: setting system clock to 2025-06-01 14:46:30 UTC (1748789190)
[    0.559812] BIOS EDD facility v0.16 2004-Jun-25, 0 devices found
[    0.560519] EDD information not available.
[    0.695642] Freeing unused kernel image memory: 2480K
[    0.708269] Write protecting the kernel read-only data: 20480k
[    0.711158] Freeing unused kernel image memory: 2008K
[    0.713253] Freeing unused kernel image memory: 1820K
[    0.719980] x86/mm: Checked W+X mappings: passed, no W+X pages found.
[    0.720874] x86/mm: Checking user space page tables
[    0.724924] x86/mm: Checked W+X mappings: passed, no W+X pages found.
Loading, please wait...
starting version 237
[    0.772099] e1000: Intel(R) PRO/1000 Network Driver - version 7.3.21-k8-NAPI
[    0.772942] e1000: Copyright (c) 1999-2006 Intel Corporation.
[    0.775017] Fusion MPT base driver 3.04.20
[    0.775495] Copyright (c) 1999-2008 LSI Corporation
[    0.786928] Fusion MPT SPI Host driver 3.04.20
[    0.788897] AVX2 version of gcm_enc/dec engaged.
[    0.789466] AES CTR mode by8 optimization enabled
[    0.981869] input: ImExPS/2 Generic Explorer Mouse as /devices/platform/i8042/serio1/input/input4
[    1.153210] e1000 0000:00:03.0 eth0: (PCI:33MHz:32-bit) 02:3b:7b:b7:3b:2d
[    1.155065] e1000 0000:00:03.0 eth0: Intel(R) PRO/1000 Network Connection
[    1.829798] e1000 0000:00:08.0 eth1: (PCI:33MHz:32-bit) 08:00:27:6e:ff:65
[    1.830824] e1000 0000:00:08.0 eth1: Intel(R) PRO/1000 Network Connection
[    1.832599] e1000 0000:00:08.0 enp0s8: renamed from eth1
[    1.833370] mptbase: ioc0: Initiating bringup
[    1.860535] e1000 0000:00:03.0 enp0s3: renamed from eth0
[    1.961283] ioc0: LSI53C1030 A0: Capabilities={Initiator}
[    2.210591] scsi host2: ioc0: LSI53C1030 A0, FwRev=00000000h, Ports=1, MaxQ=256, IRQ=20
[    2.381142] scsi 2:0:0:0: Direct-Access     VBOX     HARDDISK         1.0  PQ: 0 ANSI: 5
[    2.416143] scsi target2:0:0: Beginning Domain Validation
[    2.421355] scsi target2:0:0: Domain Validation skipping write tests
[    2.423464] scsi target2:0:0: Ending Domain Validation
[    2.425007] scsi target2:0:0: asynchronous
[    2.426649] scsi 2:0:1:0: Direct-Access     VBOX     HARDDISK         1.0  PQ: 0 ANSI: 5
[    2.456132] scsi target2:0:1: Beginning Domain Validation
[    2.459426] scsi target2:0:1: Domain Validation skipping write tests
[    2.460984] scsi target2:0:1: Ending Domain Validation
[    2.462367] scsi target2:0:1: asynchronous
[    2.468265] sd 2:0:0:0: Attached scsi generic sg0 type 0
[    2.469789] sd 2:0:0:0: [sda] 83886080 512-byte logical blocks: (42.9 GB/40.0 GiB)
[    2.471812] sd 2:0:0:0: [sda] Write Protect is off
[    2.473238] sd 2:0:1:0: Attached scsi generic sg1 type 0
[    2.474365] sd 2:0:0:0: [sda] Incomplete mode parameter data
[    2.475436] sd 2:0:0:0: [sda] Assuming drive cache: write through
[    2.476650] sd 2:0:1:0: [sdb] 20480 512-byte logical blocks: (10.5 MB/10.0 MiB)
[    2.477951] sd 2:0:1:0: [sdb] Write Protect is off
[    2.478869] sd 2:0:1:0: [sdb] Incomplete mode parameter data
[    2.479568] sd 2:0:1:0: [sdb] Assuming drive cache: write through
[    2.485600]  sda: sda1
[    2.487004] sd 2:0:0:0: [sda] Attached SCSI disk
[    2.505474] sd 2:0:1:0: [sdb] Attached SCSI disk
Begin: Loading essential drivers ... [    3.931772] raid6: sse2x1   gen() 24910 MB/s
[    3.991849] raid6: sse2x1   xor() 15701 MB/s
[    4.048020] raid6: sse2x2   gen() 27909 MB/s
[    4.107573] raid6: sse2x2   xor() 17803 MB/s
[    4.163767] raid6: sse2x4   gen() 29924 MB/s
[    4.216811] raid6: sse2x4   xor()  4339 MB/s
[    4.275781] raid6: avx2x1   gen() 36317 MB/s
[    4.331660] raid6: avx2x1   xor() 25704 MB/s
[    4.383580] raid6: avx2x2   gen() 33641 MB/s
[    4.439585] raid6: avx2x2   xor() 26998 MB/s
[    4.499810] raid6: avx2x4   gen() 38649 MB/s
[    4.551692] raid6: avx2x4   xor() 14399 MB/s
[    4.552341] raid6: using algorithm avx2x4 gen() 38649 MB/s
[    4.552998] raid6: .... xor() 14399 MB/s, rmw enabled
[    4.553588] raid6: using avx2x2 recovery algorithm
[    4.554890] xor: automatically using best checksumming function   avx       
[    4.556331] async_tx: api initialized (async)
done.
Begin: Running /scripts/init-premount ... done.
Begin: Mounting root file system ... Begin: Running /scripts/local-top ... done.
Begin: Running /scripts/local-premount ... [    4.585942] Btrfs loaded, crc32c=crc32c-intel
Scanning for Btrfs filesystems
done.
Warning: fsck not present, so skipping root file system
[    4.603242] EXT4-fs (sda1): mounted filesystem with ordered data mode. Opts: (null)
done.
Begin: Running /scripts/local-bottom ... done.
Begin: Running /scripts/init-bottom ... done.
[    4.735403] ip_tables: (C) 2000-2006 Netfilter Core Team
[    4.740752] systemd[1]: systemd 237 running in system mode. (+PAM +AUDIT +SELINUX +IMA +APPARMOR +SMACK +SYSVINIT +UTMP +LIBCRYPTSETUP +GCRYPT +GNUTLS +ACL +XZ +LZ4 +SECCOMP +BLKID +ELFUTILS +KMOD -IDN2 +IDN -PCRE2 default-hierarchy=hybrid)
[    4.743036] systemd[1]: Detected virtualization oracle.
[    4.743640] systemd[1]: Detected architecture x86-64.

Welcome to [1mUbuntu 18.04.6 LTS[0m!

[    4.747109] systemd[1]: Set hostname to <ubuntu>.
[    4.748405] systemd[1]: Initializing machine ID from random generator.
[    4.749161] systemd[1]: Installed transient /etc/machine-id file.
[    4.928345] systemd[1]: Reached target User and Group Name Lookups.
[[0;32m  OK  [0m] Reached target User and Group Name Lookups.
[    4.929544] systemd[1]: Reached target System Time Synchronized.
[[0;32m  OK  [0m] Reached target System Time Synchronized.
[    4.930564] systemd[1]: Reached target Swap.
[[0;32m  OK  [0m] Reached target Swap.
[    4.931299] systemd[1]: Reached target Mounting snaps.
[[0;32m  OK  [0m] Reached target Mounting snaps.
[[0;32m  OK  [0m] Reached target Mounted snaps.
[[0;32m  OK  [0m] Set up automount Arbitrary Executab…rmats File System Automount Point.
[[0;32m  OK  [0m] Created slice User and Session Slice.
[[0;32m  OK  [0m] Started Forward Password Requests to Wall Directory Watch.
[[0;32m  OK  [0m] Created slice System Slice.
[[0;32m  OK  [0m] Listening on udev Kernel Socket.
[[0;32m  OK  [0m] Listening on LVM2 poll daemon socket.
[[0;32m  OK  [0m] Listening on /dev/initctl Compatibility Named Pipe.
[[0;32m  OK  [0m] Created slice system-serial\x2dgetty.slice.
[[0;32m  OK  [0m] Listening on udev Control Socket.
[[0;32m  OK  [0m] Listening on Network Service Netlink Socket.
[[0;32m  OK  [0m] Listening on fsck to fsckd communication Socket.
[[0;32m  OK  [0m] Listening on Device-mapper event daemon FIFOs.
[[0;32m  OK  [0m] Listening on Journal Socket (/dev/log).
[[0;32m  OK  [0m] Listening on Journal Audit Socket.
[[0;32m  OK  [0m] Listening on Syslog Socket.
[[0;32m  OK  [0m] Reached target Slices.
[[0;32m  OK  [0m] Listening on LVM2 metadata daemon socket.
[[0;32m  OK  [0m] Listening on Journal Socket.
         Starting Journal Service...
         Starting Create list of required st…ce nodes for the current kernel...
         Starting udev Coldplug all Devices...
         Mounting POSIX Message Queue File System...
         Starting File System Check on Root Device...
         Starting Load Kernel Modules...
         Mounting Huge Pages File System...
         Starting Monitoring of LVM2 mirrors…ng dmeventd or progress polling...
         Starting Set the console keyboard layout...
         Mounting Kernel Debug File System...
         Starting Uncomplicated firewall...
[[0;32m  OK  [0m] Started Create list of required sta…vice nodes for the current kernel.
         Starting Create Static Device Nodes in /dev...
[[0;32m  OK  [0m] Started Journal Service.
[[0;32m  OK  [0m] Started File System Check Daemon to report status.
[[0;32m  OK  [0m] Started udev Coldplug all Devices.
[    4.997209] Loading iSCSI transport class v2.0-870.
[    5.000814] iscsi: registered transport (tcp)
[[0;32m  OK  [0m] Started LVM2 metadata daemon.
[[0;32m  OK  [0m] Started Uncomplicated firewall.
[[0;32m  OK  [0m] Started Create Static Device Nodes in /dev.
[[0;32m  OK  [0m] Mounted Huge Pages File System.
[[0;32m  OK  [0m] Mounted POSIX Message Queue File System.
[[0;32m  OK  [0m] Mounted Kernel Debug File System.
[[0;32m  OK  [0m] Started File System Check on Root Device.
         Starting Remount Root and Kernel File Systems...
[    5.087649] iscsi: registered transport (iser)
[[0;32m  OK  [0m] Started Load Kernel Modules.
         Mounting FUSE Control File System...
         Mounting Kernel Configuration File System...
         Starting Apply Kernel Variables...
[[0;32m  OK  [0m] Mounted FUSE Control File System.
[[0;32m  OK  [0m] Mounted Kernel Configuration File System.
[    5.110041] EXT4-fs (sda1): re-mounted. Opts: (null)
[[0;32m  OK  [0m] Started Remount Root and Kernel File Systems.
         Starting udev Kernel Device Manager...
         Starting Load/Save Random Seed...
         Starting Flush Journal to Persistent Storage...
[[0;32m  OK  [0m] Started Monitoring of LVM2 mirrors,…sing dmeventd or progress polling.
[[0;32m  OK  [0m] Started Load/Save Random Seed.
[[0;32m  OK  [0m] Started Apply Kernel Variables.
[[0;32m  OK  [0m] Started udev Kernel Device Manager.
[[0;32m  OK  [0m] Started Flush Journal to Persistent Storage.
[[0;32m  OK  [0m] Found device /dev/ttyS0.
[[0;32m  OK  [0m] Listening on Load/Save RF Kill Switch Status /dev/rfkill Watch.
         Mounting Arbitrary Executable File Formats File System...
[[0;32m  OK  [0m] Mounted Arbitrary Executable File Formats File System.
[[0;32m  OK  [0m] Started Set the console keyboard layout.
[[0;32m  OK  [0m] Reached target Local File Systems (Pre).
[[0;32m  OK  [0m] Reached target Local File Systems.
         Starting Tell Plymouth To Write Out Runtime Data...
         Starting Set console font and keymap...
         Starting ebtables ruleset management...
         Starting AppArmor initialization...
         Starting Create Volatile Files and Directories...
         Starting Commit a transient machine-id on disk...
[[0;32m  OK  [0m] Started Dispatch Password Requests to Console Directory Watch.
[[0;32m  OK  [0m] Reached target Local Encrypted Volumes.
[[0;32m  OK  [0m] Started Tell Plymouth To Write Out Runtime Data.
[[0;32m  OK  [0m] Started Create Volatile Files and Directories.
         Starting Update UTMP about System Boot/Shutdown...
[[0;32m  OK  [0m] Started Update UTMP about System Boot/Shutdown.
[[0;32m  OK  [0m] Started Commit a transient machine-id on disk.
[[0;32m  OK  [0m] Started ebtables ruleset management.
[[0;32m  OK  [0m] Started AppArmor initialization.
         Starting Initial cloud-init job (pre-networking)...
         Starting Load AppArmor profiles managed internally by snapd...
[[0;32m  OK  [0m] Started Load AppArmor profiles managed internally by snapd.
[    7.300789] cloud-init[717]: Cloud-init v. 23.1.2-0ubuntu0~18.04.1 running 'init-local' at Sun, 01 Jun 2025 14:46:37 +0000. Up 7.11 seconds.
[[0;32m  OK  [0m] Started Set console font and keymap.
[[0;32m  OK  [0m] Started Initial cloud-init job (pre-networking).
[[0;32m  OK  [0m] Reached target Network (Pre).
         Starting Network Service...
[[0;32m  OK  [0m] Started Network Service.
         Starting Network Name Resolution...
         Starting Wait for Network to be Configured...
[[0;32m  OK  [0m] Started Network Name Resolution.
[[0;32m  OK  [0m] Reached target Network.
[[0;32m  OK  [0m] Reached target Host and Network Name Lookups.
[[0;32m  OK  [0m] Started Wait for Network to be Configured.
         Starting Initial cloud-init job (metadata service crawler)...
[    9.193978] cloud-init[1025]: Cloud-init v. 23.1.2-0ubuntu0~18.04.1 running 'init' at Sun, 01 Jun 2025 14:46:39 +0000. Up 9.10 seconds.
[    9.204249] cloud-init[1025]: ci-info: ++++++++++++++++++++++++++++++++++++++++++++Net device info++++++++++++++++++++++++++++++++++++++++++++
[    9.205127] cloud-init[1025]: ci-info: +--------+-------+---------------------------------------+---------------+--------+-------------------+
[    9.207275] cloud-init[1025]: ci-info: | Device |   Up  |                Address                |      Mask     | Scope  |     Hw-Address    |
[    9.209285] cloud-init[1025]: ci-info: +--------+-------+---------------------------------------+---------------+--------+-------------------+
[    9.210118] cloud-init[1025]: ci-info: | enp0s3 |  True |               10.0.2.15               | 255.255.255.0 | global | 02:3b:7b:b7:3b:2d |
[    9.210901] cloud-init[1025]: ci-info: | enp0s3 |  True | fd17:625c:f037:2:3b:7bff:feb7:3b2d/64 |       .       | global | 02:3b:7b:b7:3b:2d |
[    9.211683] cloud-init[1025]: ci-info: | enp0s3 |  True |       fe80::3b:7bff:feb7:3b2d/64      |       .       |  link  | 02:3b:7b:b7:3b:2d |
[    9.212399] cloud-init[1025]: ci-info: | enp0s8 | False |                   .                   |       .       |   .    | 08:00:27:6e:ff:65 |
[    9.213106] cloud-init[1025]: ci-info: |   lo   |  True |               127.0.0.1               |   255.0.0.0   |  host  |         .         |
[    9.213799] cloud-init[1025]: ci-info: |   lo   |  True |                ::1/128                |       .       |  host  |         .         |
[    9.214478] cloud-init[1025]: ci-info: +--------+-------+---------------------------------------+---------------+--------+-------------------+
[    9.215153] cloud-init[1025]: ci-info: ++++++++++++++++++++++++++++Route IPv4 info+++++++++++++++++++++++++++++
[    9.215821] cloud-init[1025]: ci-info: +-------+-------------+----------+-----------------+-----------+-------+
[    9.216465] cloud-init[1025]: ci-info: | Route | Destination | Gateway  |     Genmask     | Interface | Flags |
[    9.217119] cloud-init[1025]: ci-info: +-------+-------------+----------+-----------------+-----------+-------+
[    9.217761] cloud-init[1025]: ci-info: |   0   |   0.0.0.0   | 10.0.2.2 |     0.0.0.0     |   enp0s3  |   UG  |
[    9.218403] cloud-init[1025]: ci-info: |   1   |   10.0.2.0  | 0.0.0.0  |  255.255.255.0  |   enp0s3  |   U   |
[    9.218971] cloud-init[1025]: ci-info: |   2   |   10.0.2.2  | 0.0.0.0  | 255.255.255.255 |   enp0s3  |   UH  |
[    9.219524] cloud-init[1025]: ci-info: +-------+-------------+----------+-----------------+-----------+-------+
[    9.220108] cloud-init[1025]: ci-info: ++++++++++++++++++++++++Route IPv6 info++++++++++++++++++++++++
[    9.220656] cloud-init[1025]: ci-info: +-------+-----------------------+---------+-----------+-------+
[    9.221234] cloud-init[1025]: ci-info: | Route |      Destination      | Gateway | Interface | Flags |
[    9.221850] cloud-init[1025]: ci-info: +-------+-----------------------+---------+-----------+-------+
[    9.222451] cloud-init[1025]: ci-info: |   1   | fd17:625c:f037:2::/64 |    ::   |   enp0s3  |   U   |
[    9.223070] cloud-init[1025]: ci-info: |   2   |       fe80::/64       |    ::   |   enp0s3  |   U   |
[    9.223689] cloud-init[1025]: ci-info: |   3   |          ::/0         | fe80::2 |   enp0s3  |   UG  |
[    9.224310] cloud-init[1025]: ci-info: |   5   |         local         |    ::   |   enp0s3  |   U   |
[    9.224921] cloud-init[1025]: ci-info: |   6   |        ff00::/8       |    ::   |   enp0s3  |   U   |
[    9.225511] cloud-init[1025]: ci-info: +-------+-----------------------+---------+-----------+-------+
[    9.716325] cloud-init[1025]: Generating public/private rsa key pair.
[    9.716872] cloud-init[1025]: Your identification has been saved in /etc/ssh/ssh_host_rsa_key.
[    9.736248] cloud-init[1025]: Your public key has been saved in /etc/ssh/ssh_host_rsa_key.pub.
[    9.736901] cloud-init[1025]: The key fingerprint is:
[    9.737303] cloud-init[1025]: SHA256:6151d72U3P7rkpOcNEl9rOUOLfPvhOuZ1U22rIKHVnY root@ubuntu-bionic
[    9.738006] cloud-init[1025]: The key's randomart image is:
[    9.738419] cloud-init[1025]: +---[RSA 2048]----+
[    9.738776] cloud-init[1025]: |                 |
[    9.739116] cloud-init[1025]: |                 |
[    9.739438] cloud-init[1025]: |              .. |
[    9.739760] cloud-init[1025]: |             ...B|
[    9.740112] cloud-init[1025]: |        S   o oOO|
[    9.740413] cloud-init[1025]: |         . + EB*O|
[    9.740778] cloud-init[1025]: |        . * + *X*|
[    9.741224] cloud-init[1025]: |       . = o B.*+|
[    9.741673] cloud-init[1025]: |       .+ . .oO+*|
[    9.742036] cloud-init[1025]: +----[SHA256]-----+
[    9.742383] cloud-init[1025]: Generating public/private dsa key pair.
[    9.742770] cloud-init[1025]: Your identification has been saved in /etc/ssh/ssh_host_dsa_key.
[    9.743286] cloud-init[1025]: Your public key has been saved in /etc/ssh/ssh_host_dsa_key.pub.
[    9.743789] cloud-init[1025]: The key fingerprint is:
[    9.744133] cloud-init[1025]: SHA256:2OUhE2K734HqYCxomnuvyIXneSTSWu8Q9SNI+Pj9Peg root@ubuntu-bionic
[    9.744637] cloud-init[1025]: The key's randomart image is:
[    9.744991] cloud-init[1025]: +---[DSA 1024]----+
[    9.745291] cloud-init[1025]: |      o .        |
[    9.745616] cloud-init[1025]: |  .  . o .       |
[    9.745918] cloud-init[1025]: | . . .. o o      |
[    9.746195] cloud-init[1025]: |  + o .+ * .     |
[    9.746483] cloud-init[1025]: | ..+ .ooS o      |
[    9.746770] cloud-init[1025]: | oo=o..o.. .     |
[    9.747064] cloud-init[1025]: |.o==B.. o .      |
[    9.747361] cloud-init[1025]: |++=oo=....       |
[    9.747656] cloud-init[1025]: |=+.=+.oE ..      |
[    9.747946] cloud-init[1025]: +----[SHA256]-----+
[    9.748228] cloud-init[1025]: Generating public/private ecdsa key pair.
[    9.748607] cloud-init[1025]: Your identification has been saved in /etc/ssh/ssh_host_ecdsa_key.
[    9.749079] cloud-init[1025]: Your public key has been saved in /etc/ssh/ssh_host_ecdsa_key.pub.
[    9.749650] cloud-init[1025]: The key fingerprint is:
[    9.749992] cloud-init[1025]: SHA256:1Sra4P74askUI9EZ+oGCb2qEsSwMTHqGC3XSA13x46k root@ubuntu-bionic
[    9.750578] cloud-init[1025]: The key's randomart image is:
[    9.750955] cloud-init[1025]: +---[ECDSA 256]---+
[    9.751281] cloud-init[1025]: | .++.o++         |
[    9.751623] cloud-init[1025]: |++ o=oo.   .     |
[    9.751951] cloud-init[1025]: |B.+ oo. o . .    |
[    9.752286] cloud-init[1025]: |*B ...oo + .     |
[    9.752611] cloud-init[1025]: |=+o  .ooS .      |
[    9.752938] cloud-init[1025]: |oo   ..= .       |
[    9.753261] cloud-init[1025]: |..   oE..        |
[    9.753585] cloud-init[1025]: |.    .+.         |
[    9.753903] cloud-init[1025]: |     .++o        |
[    9.754221] cloud-init[1025]: +----[SHA256]-----+
[    9.754543] cloud-init[1025]: Generating public/private ed25519 key pair.
[    9.754983] cloud-init[1025]: Your identification has been saved in /etc/ssh/ssh_host_ed25519_key.
[    9.755550] cloud-init[1025]: Your public key has been saved in /etc/ssh/ssh_host_ed25519_key.pub.
[    9.756116] cloud-init[1025]: The key fingerprint is:
[    9.756487] cloud-init[1025]: SHA256:YdQAf0OgS6VCmAYOk1+fHbJfNpqEzyNcmeO9Sl2Me6Y root@ubuntu-bionic
[    9.757078] cloud-init[1025]: The key's randomart image is:
[    9.757451] cloud-init[1025]: +--[ED25519 256]--+
[    9.757771] cloud-init[1025]: |+o o. ..=+.      |
[    9.758093] cloud-init[1025]: |+.+.. .*...      |
[    9.758417] cloud-init[1025]: | + ...+*++o      |
[    9.758739] cloud-init[1025]: |  .  o=oBo++     |
[    9.759061] cloud-init[1025]: |     ..BSB..o    |
[    9.759384] cloud-init[1025]: |      o O..o     |
[    9.759709] cloud-init[1025]: |       ...o.o    |
[    9.760046] cloud-init[1025]: |       .  .+     |
[    9.760387] cloud-init[1025]: |        ..E      |
[    9.760706] cloud-init[1025]: +----[SHA256]-----+
[[0;32m  OK  [0m] Started Initial cloud-init job (metadata service crawler).
[[0;32m  OK  [0m] Reached target System Initialization.
[[0;32m  OK  [0m] Started ACPI Events Check.
         Starting Socket activation for snappy daemon.
[[0;32m  OK  [0m] Reached target Paths.
[[0;32m  OK  [0m] Listening on cloud-init hotplug hook socket.
[[0;32m  OK  [0m] Listening on D-Bus System Message Bus Socket.
[[0;32m  OK  [0m] Listening on Open-iSCSI iscsid Socket.
         Starting LXD - unix socket.
[[0;32m  OK  [0m] Listening on ACPID Listen Socket.
[[0;32m  OK  [0m] Listening on UUID daemon activation socket.
[[0;32m  OK  [0m] Started Ubuntu Advantage Timer for running repeated jobs.
[[0;32m  OK  [0m] Started Daily Cleanup of Temporary Directories.
[[0;32m  OK  [0m] Started Discard unused blocks once a week.
[[0;32m  OK  [0m] Started Message of the Day.
[[0;32m  OK  [0m] Started Daily apt download activities.
[[0;32m  OK  [0m] Started Daily apt upgrade and clean activities.
[[0;32m  OK  [0m] Reached target Timers.
[[0;32m  OK  [0m] Reached target Network is Online.
         Starting Availability of block devices...
[[0;32m  OK  [0m] Reached target Remote File Systems (Pre).
[[0;32m  OK  [0m] Reached target Remote File Systems.
[[0;32m  OK  [0m] Reached target Cloud-config availability.
[[0;32m  OK  [0m] Listening on Socket activation for snappy daemon.
[[0;32m  OK  [0m] Listening on LXD - unix socket.
[[0;32m  OK  [0m] Reached target Sockets.
[[0;32m  OK  [0m] Reached target Basic System.
         Starting Permit User Sessions...
[[0;32m  OK  [0m] Started Deferred execution scheduler.
         Starting LSB: Record successful boot for GRUB...
[[0;32m  OK  [0m] Started Regular background program processing daemon.
         Starting Accounts Service...
         Starting LXD - container startup/shutdown...
[[0;32m  OK  [0m] Started FUSE filesystem for LXC.
         Starting Pollinate to seed the pseudo random number generator...
         Starting Dispatcher daemon for systemd-networkd...
[[0;32m  OK  [0m] Started irqbalance daemon.
         Starting LSB: automatic crash report generation...
[[0;32m  OK  [0m] Started D-Bus System Message Bus.
[[0;32m  OK  [0m] Reached target Login Prompts (Pre).
         Starting Login Service...
         Starting Snap Daemon...
         Starting Virtualbox guest utils...
         Starting System Logging Service...
[[0;32m  OK  [0m] Started Availability of block devices.
[[0;32m  OK  [0m] Started Permit User Sessions.
[[0;32m  OK  [0m] Started System Logging Service.
[[0;32m  OK  [0m] Started LXD - container startup/shutdown.
[[0;32m  OK  [0m] Started Login Service.
[[0;32m  OK  [0m] Started Unattended Upgrades Shutdown.
         Starting Authorization Manager...
         Starting Hostname Service...
         Starting Terminate Plymouth Boot Screen...
         Starting Hold until boot process finishes up...
[[0;32m  OK  [0m] Started LSB: automatic crash report generation.
[[0;32m  OK  [0m] Started Hold until boot process finishes up.
         Starting Set console scheme...
[[0;32m  OK  [0m] Started Serial Getty on ttyS0.
[[0;32m  OK  [0m] Started Terminate Plymouth Boot Screen.
[[0;32m  OK  [0m] Started Authorization Manager.
[[0;32m  OK  [0m] Started Accounts Service.
[[0;32m  OK  [0m] Started Set console scheme.
[[0;32m  OK  [0m] Created slice system-getty.slice.
[[0;32m  OK  [0m] Started Getty on tty1.
[[0;32m  OK  [0m] Reached target Login Prompts.
[[0;32m  OK  [0m] Started Hostname Service.
[[0;32m  OK  [0m] Started LSB: Record successful boot for GRUB.
[[0;32m  OK  [0m] Started Virtualbox guest utils.
[[0;32m  OK  [0m] Started Dispatcher daemon for systemd-networkd.
[[0;32m  OK  [0m] Started Snap Daemon.
         Starting Wait until snapd is fully seeded...
[[0;32m  OK  [0m] Started Pollinate to seed the pseudo random number generator.
         Starting OpenBSD Secure Shell server...
[[0;32m  OK  [0m] Started OpenBSD Secure Shell server.
         Starting Time & Date Service...
[[0;32m  OK  [0m] Started Time & Date Service.
[[0;32m  OK  [0m] Started Wait until snapd is fully seeded.
         Starting Apply the settings specified in cloud-config...
[[0;32m  OK  [0m] Created slice User Slice of vagrant.
         Starting User Manager for UID 1000...
[[0;32m  OK  [0m] Started Session 1 of user vagrant.
[[0;32m  OK  [0m] Started User Manager for UID 1000.
[   12.993238] cloud-init[1589]: Cloud-init v. 23.1.2-0ubuntu0~18.04.1 running 'modules:config' at Sun, 01 Jun 2025 14:46:42 +0000. Up 12.65 seconds.
[[0;32m  OK  [0m] Started Apply the settings specified in cloud-config.
[[0;32m  OK  [0m] Reached target Multi-User System.
[[0;32m  OK  [0m] Reached target Graphical Interface.
         Starting Update UTMP about System Runlevel Changes...
         Starting Execute cloud user/final scripts...
[[0;32m  OK  [0m] Started Update UTMP about System Runlevel Changes.
ci-info: no authorized SSH keys fingerprints found for user ubuntu.
<14>Jun  1 14:46:43 cloud-init: #############################################################
<14>Jun  1 14:46:43 cloud-init: -----BEGIN SSH HOST KEY FINGERPRINTS-----
<14>Jun  1 14:46:43 cloud-init: 1024 SHA256:2OUhE2K734HqYCxomnuvyIXneSTSWu8Q9SNI+Pj9Peg root@ubuntu-bionic (DSA)
<14>Jun  1 14:46:43 cloud-init: 256 SHA256:1Sra4P74askUI9EZ+oGCb2qEsSwMTHqGC3XSA13x46k root@ubuntu-bionic (ECDSA)
<14>Jun  1 14:46:43 cloud-init: 256 SHA256:YdQAf0OgS6VCmAYOk1+fHbJfNpqEzyNcmeO9Sl2Me6Y root@ubuntu-bionic (ED25519)
<14>Jun  1 14:46:43 cloud-init: 2048 SHA256:6151d72U3P7rkpOcNEl9rOUOLfPvhOuZ1U22rIKHVnY root@ubuntu-bionic (RSA)
<14>Jun  1 14:46:43 cloud-init: -----END SSH HOST KEY FINGERPRINTS-----
<14>Jun  1 14:46:43 cloud-init: #############################################################
-----BEGIN SSH HOST KEY KEYS-----
ecdsa-sha2-nistp256 AAAAE2VjZHNhLXNoYTItbmlzdHAyNTYAAAAIbmlzdHAyNTYAAABBBEtqP2gS1Dnd12h2OG4a3n9INSrAJbPHYZGW2Aw1+CTzcvgHXPcl28seuR6sb+0IpUfDOv/+ZNMBNG5/EjNdtdI= root@ubuntu-bionic
ssh-ed25519 AAAAC3NzaC1lZDI1NTE5AAAAIPRQiRKlDBGKaZIw8830gT4lPZpyuucEt1axs4A6dizr root@ubuntu-bionic
ssh-rsa AAAAB3NzaC1yc2EAAAADAQABAAABAQDTaTuiLiUHmKHAP6ZuP+zb0+MIqIT0H1nZjZHuxe9exg7IETniKQYmpdkJMwQp6G6MEo686IDKcwcVDKHkYTENTbPnssnUDX3rRiLjxTOU6nnmZDiA9XaEphed8ypaL0dTvKdpVmmQwalpVIYyBdUGs0DN2nUXLCzuJVPoZz7USuitDi/jtGYAHLo5Ab1bpQkmBNk+4YXz70gqZTzCszrlwo3mpz+IjuadGhCKcB7AGhl6ZBmUkDHzHpc/yhOsPqqaPRfNma5jT4Iqhy57X6CpLdm/z1RyiZDuUJ+WTx93SgWJrqq+7Ug12Hd1OxJ9mfo9+9srT7HBSE379+nwBZ2r root@ubuntu-bionic
-----END SSH HOST KEY KEYS-----
[   13.457668] cloud-init[1712]: Cloud-init v. 23.1.2-0ubuntu0~18.04.1 running 'modules:final' at Sun, 01 Jun 2025 14:46:43 +0000. Up 13.32 seconds.
[   13.458654] cloud-init[1712]: Cloud-init v. 23.1.2-0ubuntu0~18.04.1 finished at Sun, 01 Jun 2025 14:46:43 +0000. Datasource DataSourceNoCloud [seed=/dev/sdb][dsmode=net].  Up 13.44 seconds
[[0;32m  OK  [0m] Started Execute cloud user/final scripts.
[[0;32m  OK  [0m] Reached target Cloud-init target.

Ubuntu 18.04.6 LTS ubuntu-bionic ttyS0

ubuntu-bionic login: 